
state 0
	$accept: .program $end 
	program: .    (1)

	.  reduce 1 (src line 26)

	program  goto 1

state 1
	$accept:  program.$end 
	program:  program.expressions SEPARATOR 

	$end  accept
	NUMBER  shift 5
	IDENTIFIER  shift 6
	LET  shift 9
	'-'  shift 8
	'('  shift 7
	.  error

	expressions  goto 2
	expression  goto 3
	assignment  goto 4

state 2
	program:  program expressions.SEPARATOR 

	SEPARATOR  shift 10
	.  error


state 3
	expressions:  expression.    (3)
	expression:  expression.'+' expression 
	expression:  expression.'-' expression 
	expression:  expression.'*' expression 
	expression:  expression.'/' expression 

	'+'  shift 11
	'-'  shift 12
	'*'  shift 13
	'/'  shift 14
	.  reduce 3 (src line 30)


state 4
	expressions:  assignment.    (4)

	.  reduce 4 (src line 32)


state 5
	expression:  NUMBER.    (5)

	.  reduce 5 (src line 35)


state 6
	expression:  IDENTIFIER.    (6)

	.  reduce 6 (src line 37)


state 7
	expression:  '('.expression ')' 

	NUMBER  shift 5
	IDENTIFIER  shift 6
	'-'  shift 8
	'('  shift 7
	.  error

	expression  goto 15

state 8
	expression:  '-'.expression 

	NUMBER  shift 5
	IDENTIFIER  shift 6
	'-'  shift 8
	'('  shift 7
	.  error

	expression  goto 16

state 9
	assignment:  LET.IDENTIFIER '=' expression 

	IDENTIFIER  shift 17
	.  error


state 10
	program:  program expressions SEPARATOR.    (2)

	.  reduce 2 (src line 27)


state 11
	expression:  expression '+'.expression 

	NUMBER  shift 5
	IDENTIFIER  shift 6
	'-'  shift 8
	'('  shift 7
	.  error

	expression  goto 18

state 12
	expression:  expression '-'.expression 

	NUMBER  shift 5
	IDENTIFIER  shift 6
	'-'  shift 8
	'('  shift 7
	.  error

	expression  goto 19

state 13
	expression:  expression '*'.expression 

	NUMBER  shift 5
	IDENTIFIER  shift 6
	'-'  shift 8
	'('  shift 7
	.  error

	expression  goto 20

state 14
	expression:  expression '/'.expression 

	NUMBER  shift 5
	IDENTIFIER  shift 6
	'-'  shift 8
	'('  shift 7
	.  error

	expression  goto 21

state 15
	expression:  expression.'+' expression 
	expression:  expression.'-' expression 
	expression:  expression.'*' expression 
	expression:  expression.'/' expression 
	expression:  '(' expression.')' 

	'+'  shift 11
	'-'  shift 12
	'*'  shift 13
	'/'  shift 14
	')'  shift 22
	.  error


state 16
	expression:  expression.'+' expression 
	expression:  expression.'-' expression 
	expression:  expression.'*' expression 
	expression:  expression.'/' expression 
	expression:  '-' expression.    (12)

	.  reduce 12 (src line 43)


state 17
	assignment:  LET IDENTIFIER.'=' expression 

	'='  shift 23
	.  error


state 18
	expression:  expression.'+' expression 
	expression:  expression '+' expression.    (7)
	expression:  expression.'-' expression 
	expression:  expression.'*' expression 
	expression:  expression.'/' expression 

	'*'  shift 13
	'/'  shift 14
	.  reduce 7 (src line 38)


state 19
	expression:  expression.'+' expression 
	expression:  expression.'-' expression 
	expression:  expression '-' expression.    (8)
	expression:  expression.'*' expression 
	expression:  expression.'/' expression 

	'*'  shift 13
	'/'  shift 14
	.  reduce 8 (src line 39)


state 20
	expression:  expression.'+' expression 
	expression:  expression.'-' expression 
	expression:  expression.'*' expression 
	expression:  expression '*' expression.    (9)
	expression:  expression.'/' expression 

	.  reduce 9 (src line 40)


state 21
	expression:  expression.'+' expression 
	expression:  expression.'-' expression 
	expression:  expression.'*' expression 
	expression:  expression.'/' expression 
	expression:  expression '/' expression.    (10)

	.  reduce 10 (src line 41)


state 22
	expression:  '(' expression ')'.    (11)

	.  reduce 11 (src line 42)


state 23
	assignment:  LET IDENTIFIER '='.expression 

	NUMBER  shift 5
	IDENTIFIER  shift 6
	'-'  shift 8
	'('  shift 7
	.  error

	expression  goto 24

state 24
	expression:  expression.'+' expression 
	expression:  expression.'-' expression 
	expression:  expression.'*' expression 
	expression:  expression.'/' expression 
	assignment:  LET IDENTIFIER '=' expression.    (13)

	'+'  shift 11
	'-'  shift 12
	'*'  shift 13
	'/'  shift 14
	.  reduce 13 (src line 46)


14 terminals, 5 nonterminals
14 grammar rules, 25/8000 states
0 shift/reduce, 0 reduce/reduce conflicts reported
54 working sets used
memory: parser 10/120000
13 extra closures
53 shift entries, 1 exceptions
11 goto entries
0 entries saved by goto default
Optimizer space used: output 39/120000
39 table entries, 5 zero
maximum spread: 14, maximum offset: 23
